[2025-08-28 19:37:41] 找到 20 个需要处理的文件
[2025-08-28 19:37:41] 处理进度: 1/20
[2025-08-28 19:37:41] 处理文件: /root/WorkSpace/CSharp/mountblade-code/TaleWorlds.Native/pretty/01_initialization_part064.c (包含 19 个FUN_函数引用)
[2025-08-28 19:37:41]   处理失败，恢复备份
[2025-08-28 19:37:41] 处理进度: 2/20
[2025-08-28 19:37:41] 处理文件: /root/WorkSpace/CSharp/mountblade-code/TaleWorlds.Native/pretty/02_core_engine_part183.c (包含 285 个FUN_函数引用)
[2025-08-28 19:37:41]   处理失败，恢复备份
[2025-08-28 19:37:41] 处理进度: 3/20
[2025-08-28 19:37:41] 处理文件: /root/WorkSpace/CSharp/mountblade-code/TaleWorlds.Native/pretty/99_part_03_part001.c (包含 32 个FUN_函数引用)
[2025-08-28 19:37:41]   处理失败，恢复备份
[2025-08-28 19:37:41] 处理进度: 4/20
[2025-08-28 19:37:41] 处理文件: /root/WorkSpace/CSharp/mountblade-code/TaleWorlds.Native/pretty/99_part_03_part017.c (包含 7 个FUN_函数引用)
[2025-08-28 19:37:42]   处理失败，恢复备份
[2025-08-28 19:37:42] 处理进度: 5/20
[2025-08-28 19:37:42] 处理文件: /root/WorkSpace/CSharp/mountblade-code/TaleWorlds.Native/pretty/05_networking_part017.c (包含 38 个FUN_函数引用)
[2025-08-28 19:37:42]   处理失败，恢复备份
[2025-08-28 19:37:42] 处理进度: 6/20
[2025-08-28 19:37:42] 处理文件: /root/WorkSpace/CSharp/mountblade-code/TaleWorlds.Native/pretty/02_core_engine_part149_sub002_sub001.c (包含 3 个FUN_函数引用)
[2025-08-28 19:37:42]   处理失败，恢复备份
[2025-08-28 19:37:42] 处理进度: 7/20
[2025-08-28 19:37:42] 处理文件: /root/WorkSpace/CSharp/mountblade-code/TaleWorlds.Native/pretty/99_part_13_part063.c (包含 23 个FUN_函数引用)
[2025-08-28 19:37:42]   处理失败，恢复备份
[2025-08-28 19:37:42] 处理进度: 8/20
[2025-08-28 19:37:42] 处理文件: /root/WorkSpace/CSharp/mountblade-code/TaleWorlds.Native/pretty/04_ui_system_part350_sub002_sub002.c (包含 63 个FUN_函数引用)
[2025-08-28 19:37:42]   处理失败，恢复备份
[2025-08-28 19:37:42] 处理进度: 9/20
[2025-08-28 19:37:42] 处理文件: /root/WorkSpace/CSharp/mountblade-code/TaleWorlds.Native/pretty/02_core_engine_part075_sub001.c (包含 4 个FUN_函数引用)
[2025-08-28 19:37:42]   处理失败，恢复备份
[2025-08-28 19:37:42] 处理进度: 10/20
[2025-08-28 19:37:42] 处理文件: /root/WorkSpace/CSharp/mountblade-code/TaleWorlds.Native/pretty/03_rendering_part032.c (包含 2 个FUN_函数引用)
[2025-08-28 19:37:42]   处理失败，恢复备份
[2025-08-28 19:37:42] 处理进度: 11/20
[2025-08-28 19:37:42] 处理文件: /root/WorkSpace/CSharp/mountblade-code/TaleWorlds.Native/pretty/99_part_11_part057.c (包含 24 个FUN_函数引用)
[2025-08-28 19:37:42]   处理失败，恢复备份
[2025-08-28 19:37:42] 处理进度: 12/20
[2025-08-28 19:37:42] 处理文件: /root/WorkSpace/CSharp/mountblade-code/TaleWorlds.Native/pretty/04_ui_system_part101.c (包含 69 个FUN_函数引用)
[2025-08-28 19:37:42]   处理失败，恢复备份
[2025-08-28 19:37:42] 处理进度: 13/20
[2025-08-28 19:37:42] 处理文件: /root/WorkSpace/CSharp/mountblade-code/TaleWorlds.Native/pretty/04_ui_system_part157_sub002_sub002.c (包含 10 个FUN_函数引用)
[2025-08-28 19:37:42]   处理失败，恢复备份
[2025-08-28 19:37:42] 处理进度: 14/20
[2025-08-28 19:37:42] 处理文件: /root/WorkSpace/CSharp/mountblade-code/TaleWorlds.Native/pretty/99_part_02_part048.c (包含 40 个FUN_函数引用)
[2025-08-28 19:37:42]   处理失败，恢复备份
[2025-08-28 19:37:42] 处理进度: 15/20
[2025-08-28 19:37:42] 处理文件: /root/WorkSpace/CSharp/mountblade-code/TaleWorlds.Native/pretty/02_core_engine_part179.c (包含 11 个FUN_函数引用)
[2025-08-28 19:37:42]   处理失败，恢复备份
[2025-08-28 19:37:42] 处理进度: 16/20
[2025-08-28 19:37:42] 处理文件: /root/WorkSpace/CSharp/mountblade-code/TaleWorlds.Native/pretty/03_rendering_part217.c (包含 6 个FUN_函数引用)
[2025-08-28 19:37:42]   处理失败，恢复备份
[2025-08-28 19:37:42] 处理进度: 17/20
[2025-08-28 19:37:42] 处理文件: /root/WorkSpace/CSharp/mountblade-code/TaleWorlds.Native/pretty/99_part_11_part064.c (包含 18 个FUN_函数引用)
[2025-08-28 19:37:42]   处理失败，恢复备份
[2025-08-28 19:37:42] 处理进度: 18/20
[2025-08-28 19:37:42] 处理文件: /root/WorkSpace/CSharp/mountblade-code/TaleWorlds.Native/pretty/04_ui_system_part349.c (包含 5 个FUN_函数引用)
[2025-08-28 19:37:42]   处理失败，恢复备份
[2025-08-28 19:37:42] 处理进度: 19/20
[2025-08-28 19:37:42] 处理文件: /root/WorkSpace/CSharp/mountblade-code/TaleWorlds.Native/pretty/05_networking_part109.c (包含 25 个FUN_函数引用)
[2025-08-28 19:37:42]   处理失败，恢复备份
[2025-08-28 19:37:43] 处理进度: 20/20
[2025-08-28 19:37:43] 处理文件: /root/WorkSpace/CSharp/mountblade-code/TaleWorlds.Native/pretty/02_core_engine_part003.c (包含 40 个FUN_函数引用)
